Hello World1
Hello World2
Hello World3
Hello World4
Hello World5
Hello World6
Hello World7
Hello World8
Hello World9
Hello World10
0
0
0
0
0
0
0
0
0
0
0
0
0
0
0
0
0
0
0
0
0
0
0
0
0
0
0
0
0
0
0
0
0
0
0
0
0
0
0
0
0
0
0
0
0
0
0
0
0
0
6
0
0
0
0
0
0
0
0
0
6
0
0
0
0
0
0
0
0
0
0
0
0
0
0
0
0
0
0
0
0
0
0
0
0
0
0
0
0
0
0
0
0
0
0
0
0
0
0
0
@[6, 6]
hello 10
hello 20
hello 10
hello 10
hello 10
hello 10
hello 10
hello 10
hello 10
hello 10
hello 10
hello 10
60
60
15
26.0
26
coobar
foobar
0
0
hi
hi
hi
hi
hi
hi
hi
hi
hi
hi
y()
x()
false
2046
2
