                               &&&&&&&&&&#######                                 
                        &eeeeeeeeeeeeeeee&&&&&&#######%                          
                    &eoooo*******oooooooeeeee&&&&&########%                      
                 eoo****!!!!!!!!******oooooeeee&&&&&########%%                   
              eoo**!!!!::::::::!!!!!*****ooooeeee&&&&&########%%%                
            eo**!!::::::...:::::::!!!!!***ooooeeee&&&&&########%%%%              
          eo*!!:::.............:::::!!!!***ooooeeee&&&&&########%%%%%            
        eo*!!:::.................::::!!!!***ooooeeee&&&&#########%%%%%%          
       eo*!!::....................::::!!!****oooeeee&&&&&#########%%%%%%         
     &o**!::......................::::!!!****oooeeee&&&&&##########%%%%%%%       
    &o**!::.......................::::!!!****oooeeee&&&&&##########%%%%%%%%      
   &oo*!!::.......................:::!!!!***ooooeeee&&&&&##########%%%%%%%%%     
  &eo*!!::.......................::::!!!****ooooeeee&&&&&##########%%%%%%%%%%    
  eo**!!::......................::::!!!!***ooooeeeee&&&&&##########%%%%%%%%%%    
 &eo**!!:::...................:::::!!!!****ooooeeee&&&&&###########%%%%%%%%%%%   
 eeo**!!::::................:::::!!!!!****ooooeeee&&&&&&###########%%%%%%%%%%%   
&eeo***!!:::::...........::::::!!!!!****oooooeeee&&&&&&###########%%%%%%%%%%%%%  
&eeoo**!!!!::::::::::::::::::!!!!!*****ooooeeeee&&&&&&############%%%%%%%%%%%%%  
&eeooo***!!!!::::::::::::!!!!!!!*****oooooeeeee&&&&&&############%%%%%%%%%%%%%%  
&&eeooo***!!!!!!!!!!!!!!!!!!!******oooooeeeeee&&&&&&############%%%%%%%%%%%%%%%  
&&eeeooo******!!!!!!!!!!********ooooooeeeeee&&&&&&&############%%%%%%%%%%%%%%%%  
#&&eeeooooo******************oooooooeeeeee&&&&&&&#############%%%%%%%%%%%%%%%%%  
#&&&eeeeoooooooo******oooooooooooeeeeeee&&&&&&&&#############%%%%%%%%%%%%%%%%%%  
##&&&&eeeeeooooooooooooooooooeeeeeeee&&&&&&&&&##############%%%%%%%%%%%%%%%%%%%  
 ##&&&&&eeeeeeeeeeeeeeeeeeeeeeeeee&&&&&&&&&################%%%%%%%%%%%%%%%%%%%   
 ####&&&&&&eeeeeeeeeeeeeeeeeee&&&&&&&&&&&################%%%%%%%%%%%%%%%%%%%%%   
  #####&&&&&&&&&&&&&&&&&&&&&&&&&&&&&&&#################%%%%%%%%%%%%%%%%%%%%%%    
  %#######&&&&&&&&&&&&&&&&&&&&&&&&###################%%%%%%%%%%%%%%%%%%%%%%%%    
   %###########&&&&&&&&&&&&&#######################%%%%%%%%%%%%%%%%%%%%%%%%%     
    %############################################%%%%%%%%%%%%%%%%%%%%%%%%%%      
     %%#######################################%%%%%%%%%%%%%%%%%%%%%%%%%%%%       
       %%#################################%%%%%%%%%%%%%%%%%%%%%%%%%%%%%%         
        %%%%%#########################%%%%%%%%%%%%%%%%%%%%%%%%%%%%%%%%%          
          %%%%%%%%#############%%%%%%%%%%%%%%%%%%%%%%%%%%%%%%%%%%%%%%            
            %%%%%%%%%%%%%%%%%%%%%%%%%%%%%%%%%%%%%%%%%%%%%%%%%%%%%%%              
              %%%%%%%%%%%%%%%%%%%%%%%%%%%%%%%%%%%%%%%%%%%%%%%%%%%                
                 %%%%%%%%%%%%%%%%%%%%%%%%%%%%%%%%%%%%%%%%%%%%%                   
                    %%%%%%%%%%%%%%%%%%%%%%%%%%%%%%%%%%%%%%%                      
                        %%%%%%%%%%%%%%%%%%%%%%%%%%%%%%%                          
                               %%%%%%%%%%%%%%%%%                                 
                                                                                 
             ::...:::!!!*o               
         ..............::!!*oo           
      ..................::!!**ooe        
    .....................::!!**ooee      
   .......................::!!**ooee     
  ........................::!!**oooee    
 .........................::!!**oooeee   
:........................::!!!**oooeeee  
........................::!!!**ooooeeee  
:......................::!!!***oooeeeee  
:....................:::!!!***oooeeeeee  
!:.................:::!!!****oooeeeeeee  
*!:::...........::::!!!!***ooooeeeeeeee  
 *!!!:::::::::::!!!!!****oooooeeeeeeee   
  o**!!!!!!!!!!!!!*****oooooeeeeeeeee    
   oo**************ooooooeeeeeeeeeee     
    eoooooooooooooooooeeeeeeeeeeeee      
      eeeooooooooeeeeeeeeeeeeeeee        
         eeeeeeeeeeeeeeeeeeeee           
             eeeeeeeeeeeee               
                                         
