March 1901
August 1902
May 1903
January 1904
July 1904
December 1905
March 1907
May 1908
January 1909
October 1909
July 1910
December 1911
March 1912
August 1913
May 1914
January 1915
October 1915
December 1916
March 1918
August 1919
October 1920
July 1921
December 1922
August 1924
May 1925
January 1926
October 1926
July 1927
March 1929
August 1930
May 1931
January 1932
July 1932
December 1933
March 1935
May 1936
January 1937
October 1937
July 1938
December 1939
March 1940
August 1941
May 1942
January 1943
October 1943
December 1944
March 1946
August 1947
October 1948
July 1949
December 1950
August 1952
May 1953
January 1954
October 1954
July 1955
March 1957
August 1958
May 1959
January 1960
July 1960
December 1961
March 1963
May 1964
January 1965
October 1965
July 1966
December 1967
March 1968
August 1969
May 1970
January 1971
October 1971
December 1972
March 1974
August 1975
October 1976
July 1977
December 1978
August 1980
May 1981
January 1982
October 1982
July 1983
March 1985
August 1986
May 1987
January 1988
July 1988
December 1989
March 1991
May 1992
January 1993
October 1993
July 1994
December 1995
March 1996
August 1997
May 1998
January 1999
October 1999
December 2000
March 2002
August 2003
October 2004
July 2005
December 2006
August 2008
May 2009
January 2010
October 2010
July 2011
March 2013
August 2014
May 2015
January 2016
July 2016
December 2017
March 2019
May 2020
January 2021
October 2021
July 2022
December 2023
March 2024
August 2025
May 2026
January 2027
October 2027
December 2028
March 2030
August 2031
October 2032
July 2033
December 2034
August 2036
May 2037
January 2038
October 2038
July 2039
March 2041
August 2042
May 2043
January 2044
July 2044
December 2045
March 2047
May 2048
January 2049
October 2049
July 2050
December 2051
March 2052
August 2053
May 2054
January 2055
October 2055
December 2056
March 2058
August 2059
October 2060
July 2061
December 2062
August 2064
May 2065
January 2066
October 2066
July 2067
March 2069
August 2070
May 2071
January 2072
July 2072
December 2073
March 2075
May 2076
January 2077
October 2077
July 2078
December 2079
March 2080
August 2081
May 2082
January 2083
October 2083
December 2084
March 2086
August 2087
October 2088
July 2089
December 2090
August 2092
May 2093
January 2094
October 2094
July 2095
March 2097
August 2098
May 2099
January 2100
October 2100
Years without a 5 weekend month: 29
