0 => 000000 => 0
1 => 000001 => 1
2 => 000011 => 2
3 => 000010 => 3
4 => 000110 => 4
5 => 000111 => 5
6 => 000101 => 6
7 => 000100 => 7
8 => 001100 => 8
9 => 001101 => 9
10 => 001111 => 10
11 => 001110 => 11
12 => 001010 => 12
13 => 001011 => 13
14 => 001001 => 14
15 => 001000 => 15
16 => 011000 => 16
17 => 011001 => 17
18 => 011011 => 18
19 => 011010 => 19
20 => 011110 => 20
21 => 011111 => 21
22 => 011101 => 22
23 => 011100 => 23
24 => 010100 => 24
25 => 010101 => 25
26 => 010111 => 26
27 => 010110 => 27
28 => 010010 => 28
29 => 010011 => 29
30 => 010001 => 30
31 => 010000 => 31
32 => 110000 => 32
