000000 000  0 00
000001 001  1 01
000010 002  2 02
000011 003  3 03
000100 004  4 04
000101 005  5 05
000110 006  6 06
000111 007  7 07
001000 010  8 08
001001 011  9 09
001010 012 10 0A
001011 013 11 0B
001100 014 12 0C
001101 015 13 0D
001110 016 14 0E
001111 017 15 0F
010000 020 16 10
010001 021 17 11
010010 022 18 12
010011 023 19 13
010100 024 20 14
010101 025 21 15
010110 026 22 16
010111 027 23 17
011000 030 24 18
011001 031 25 19
011010 032 26 1A
011011 033 27 1B
011100 034 28 1C
011101 035 29 1D
011110 036 30 1E
011111 037 31 1F
100000 040 32 20
100001 041 33 21
