cube integrated using leftRect
  from 0 to 1 (100 steps) = 0.245025
cube integrated using midRect
  from 0 to 1 (100 steps) = 0.2499875000000001
cube integrated using rightRect
  from 0 to 1 (100 steps) = 0.2550250000000001
cube integrated using trapezium
  from 0 to 1 (100 steps) = 0.250025
cube integrated using simpson
  from 0 to 1 (100 steps) = 0.25
reciprocal integrated using leftRect
  from 1 to 100 (1000 steps) = 4.65499105751468
reciprocal integrated using midRect
  from 1 to 100 (1000 steps) = 4.604762548678376
reciprocal integrated using rightRect
  from 1 to 100 (1000 steps) = 4.55698105751468
reciprocal integrated using trapezium
  from 1 to 100 (1000 steps) = 4.605986057514676
reciprocal integrated using simpson
  from 1 to 100 (1000 steps) = 4.605170384957133
identity integrated using leftRect
  from 0 to 5000 (5000000 steps) = 12499997.5
identity integrated using midRect
  from 0 to 5000 (5000000 steps) = 12500000.0
identity integrated using rightRect
  from 0 to 5000 (5000000 steps) = 12500002.5
identity integrated using trapezium
  from 0 to 5000 (5000000 steps) = 12500000.0
identity integrated using simpson
  from 0 to 5000 (5000000 steps) = 12500000.0
identity integrated using leftRect
  from 0 to 6000 (6000000 steps) = 17999997.0
identity integrated using midRect
  from 0 to 6000 (6000000 steps) = 17999999.99999999
identity integrated using rightRect
  from 0 to 6000 (6000000 steps) = 18000003.0
identity integrated using trapezium
  from 0 to 6000 (6000000 steps) = 17999999.99999999
identity integrated using simpson
  from 0 to 6000 (6000000 steps) = 17999999.99999999
