I know an old lady who swallowed a fly.
I don't know why she swallowed the fly.
Perhaps she'll die.

I know an old lady who swallowed a spider.
That wriggled and jiggled and tickled inside her.
She swallowed the spider to catch the fly.
I don't know why she swallowed the fly.
Perhaps she'll die.

I know an old lady who swallowed a Bird.
Quite absurd. To swallow a Bird.
She swallowed the Bird to catch the spider.
She swallowed the spider to catch the fly.
I don't know why she swallowed the fly.
Perhaps she'll die.

I know an old lady who swallowed a Cat.
Fancy that. To swallow a Cat.
She swallowed the Cat to catch the Bird.
She swallowed the Bird to catch the spider.
She swallowed the spider to catch the fly.
I don't know why she swallowed the fly.
Perhaps she'll die.

I know an old lady who swallowed a Dog.
What a hog. To swallow a Dog.
She swallowed the Dog to catch the Cat.
She swallowed the Cat to catch the Bird.
She swallowed the Bird to catch the spider.
She swallowed the spider to catch the fly.
I don't know why she swallowed the fly.
Perhaps she'll die.

I know an old lady who swallowed a Pig.
Her mouth was so big. To swallow a Pig.
She swallowed the Pig to catch the Dog.
She swallowed the Dog to catch the Cat.
She swallowed the Cat to catch the Bird.
She swallowed the Bird to catch the spider.
She swallowed the spider to catch the fly.
I don't know why she swallowed the fly.
Perhaps she'll die.

I know an old lady who swallowed a Goat.
She just opened her throat. To swallow a Goat.
She swallowed the Goat to catch the Pig.
She swallowed the Pig to catch the Dog.
She swallowed the Dog to catch the Cat.
She swallowed the Cat to catch the Bird.
She swallowed the Bird to catch the spider.
She swallowed the spider to catch the fly.
I don't know why she swallowed the fly.
Perhaps she'll die.

I know an old lady who swallowed a Cow.
I don't know how. To swallow a Cow.
She swallowed the Cow to catch the Goat.
She swallowed the Goat to catch the Pig.
She swallowed the Pig to catch the Dog.
She swallowed the Dog to catch the Cat.
She swallowed the Cat to catch the Bird.
She swallowed the Bird to catch the spider.
She swallowed the spider to catch the fly.
I don't know why she swallowed the fly.
Perhaps she'll die.

I know an old lady who swallowed a Donkey.
It was rather wonky. To swallow a Donkey.
She swallowed the Donkey to catch the Cow.
She swallowed the Cow to catch the Goat.
She swallowed the Goat to catch the Pig.
She swallowed the Pig to catch the Dog.
She swallowed the Dog to catch the Cat.
She swallowed the Cat to catch the Bird.
She swallowed the Bird to catch the spider.
She swallowed the spider to catch the fly.
I don't know why she swallowed the fly.
Perhaps she'll die.

I know an old lady who swallowed a Horse.
She's dead, of course!
