postfix: 3 4 2 * 1 5 - 2 3 ^ ^ / +
Token: 3
    9 3
Token: 4
    9 3
    9 4
Token: 2
    9 3
    9 4
    9 2
Token: *
    9 3
    3 4 * 2
Token: 1
    9 3
    3 4 * 2
    9 1
Token: 5
    9 3
    3 4 * 2
    9 1
    9 5
Token: -
    9 3
    3 4 * 2
    2 1 - 5
Token: 2
    9 3
    3 4 * 2
    2 1 - 5
    9 2
Token: 3
    9 3
    3 4 * 2
    2 1 - 5
    9 2
    9 3
Token: ^
    9 3
    3 4 * 2
    2 1 - 5
    4 2 ^ 3
Token: ^
    9 3
    3 4 * 2
    4 (1 - 5) ^ 2 ^ 3
Token: /
    9 3
    3 4 * 2 / (1 - 5) ^ 2 ^ 3
Token: +
    2 3 + 4 * 2 / (1 - 5) ^ 2 ^ 3
infix: 3 + 4 * 2 / (1 - 5) ^ 2 ^ 3
postfix: 1 2 + 3 4 + ^ 5 6 + ^
Token: 1
    9 1
Token: 2
    9 1
    9 2
Token: +
    2 1 + 2
Token: 3
    2 1 + 2
    9 3
Token: 4
    2 1 + 2
    9 3
    9 4
Token: +
    2 1 + 2
    2 3 + 4
Token: ^
    4 (1 + 2) ^ (3 + 4)
Token: 5
    4 (1 + 2) ^ (3 + 4)
    9 5
Token: 6
    4 (1 + 2) ^ (3 + 4)
    9 5
    9 6
Token: +
    4 (1 + 2) ^ (3 + 4)
    2 5 + 6
Token: ^
    4 ((1 + 2) ^ (3 + 4)) ^ (5 + 6)
infix: ((1 + 2) ^ (3 + 4)) ^ (5 + 6)
