
##
## 10 numbers
##
sd: 0.1913282353952269, mean: 0.5287662566109436

0.0: 
0.1: 
0.2: 
0.3: ++++++++++++++++++++++++++++++++++++++++++++++++++
0.4: +++++++++++++++++++++++++
0.5: +++++++++++++++++++++++++
0.6: 
0.7: ++++++++++++
0.8: 
0.9: ++++++++++++


##
## 100 numbers
##
sd: 0.2673727246175391, mean: 0.4754036743290079

0.0: ++++++++++++++++++++++++++
0.1: ++++++++++++++++++++++++++++++++++++++++++++++++++
0.2: ++++++++++++++++++++++++++++++++++++++++++++++
0.3: ++++++++++++++++++++++++++++++++++++++++++++++
0.4: ++++++++++++++++++++++++++++++++++
0.5: ++++++++++++++++++++++++++++++++++++++++++++++
0.6: ++++++++++++++++++++++++++++++++++++++
0.7: ++++++++++++++++++++++++++++++++++++++++++++++
0.8: +++++++++++++++++++++++
0.9: ++++++++++++++++++++++++++


##
## 1000 numbers
##
sd: 0.2873140837093326, mean: 0.5051732630751724

0.0: +++++++++++++++++++++++++++++++++++++
0.1: +++++++++++++++++++++++++++++++++++++++++++++++++
0.2: +++++++++++++++++++++++++++++++++++++++++++
0.3: +++++++++++++++++++++++++++++++++++++++++++++++++
0.4: ++++++++++++++++++++++++++++++++++++++++
0.5: +++++++++++++++++++++++++++++++++++++++++++++
0.6: ++++++++++++++++++++++++++++++++++++++++++++++++
0.7: ++++++++++++++++++++++++++++++++++++++++++
0.8: ++++++++++++++++++++++++++++++++++++++++
0.9: ++++++++++++++++++++++++++++++++++++++++++++++++++


##
## 10000 numbers
##
sd: 0.2856504326731262, mean: 0.4970766791664101

0.0: +++++++++++++++++++++++++++++++++++++++++++++
0.1: ++++++++++++++++++++++++++++++++++++++++++++++++
0.2: ++++++++++++++++++++++++++++++++++++++++++++++
0.3: ++++++++++++++++++++++++++++++++++++++++++++++
0.4: ++++++++++++++++++++++++++++++++++++++++++++++
0.5: +++++++++++++++++++++++++++++++++++++++++++++
0.6: ++++++++++++++++++++++++++++++++++++++++++++++++++
0.7: +++++++++++++++++++++++++++++++++++++++++++++++
0.8: +++++++++++++++++++++++++++++++++++++++++++++
0.9: ++++++++++++++++++++++++++++++++++++++++++


##
## 100000 numbers
##
sd: 0.2891146487177284, mean: 0.4989448727310339

0.0: ++++++++++++++++++++++++++++++++++++++++++++++++++
0.1: +++++++++++++++++++++++++++++++++++++++++++++++++
0.2: ++++++++++++++++++++++++++++++++++++++++++++++++
0.3: +++++++++++++++++++++++++++++++++++++++++++++++++
0.4: ++++++++++++++++++++++++++++++++++++++++++++++++
0.5: ++++++++++++++++++++++++++++++++++++++++++++++++
0.6: ++++++++++++++++++++++++++++++++++++++++++++++++
0.7: +++++++++++++++++++++++++++++++++++++++++++++++++
0.8: +++++++++++++++++++++++++++++++++++++++++++++++++
0.9: ++++++++++++++++++++++++++++++++++++++++++++++++

